<?xml version="1.0" encoding="UTF-8" ?>
<testsuite errors="0" failures="0" hostname="Jaakko-MacBook-Pro.local" name="MaksukorttiTest" skipped="0" tests="10" time="0.455" timestamp="2018-03-24T09:49:59">
  <properties>
    <property name="netbeans.autoupdate.country" value="FI" />
    <property name="nb.wait.for.caches" value="true" />
    <property name="javac.test.classpath" value=":build/classes:/Applications/tmcbeans.app/Contents/Resources/tmcbeans/platform/modules/ext/junit-4.12.jar:/Applications/tmcbeans.app/Contents/Resources/tmcbeans/platform/modules/ext/hamcrest-core-1.3.jar" />
    <property name="ant.core.lib" value="/Applications/tmcbeans.app/Contents/Resources/tmcbeans/extide/ant/lib/ant.jar" />
    <property name="javadoc.windowtitle" value="" />
    <property name="user.dir" value="/Users/jaakkovilenius/Desktop/Opinnot/NetBeansProjects/otm-harjoitustyo/laskarit/viikko2/Maksukortti" />
    <property name="java.vm.version" value="25.144-b01" />
    <property name="libs.MySQLDriver.classpath" value="/Applications/tmcbeans.app/Contents/Resources/tmcbeans/ide/modules/ext/mysql-connector-java-5.1.23-bin.jar" />
    <property name="libs.eclipselinkmodelgen.src" value="" />
    <property name="javadoc.notree" value="false" />
    <property name="netbeans.autoupdate.version" value="1.23" />
    <property name="javac.profile.cmd.line.arg" value="" />
    <property name="jdk.home" value="/Library/Java/JavaVirtualMachines/jdk1.8.0_144.jdk/Contents/Home" />
    <property name="libs.javac-api.src" value="" />
    <property name="javadoc.noindex" value="false" />
    <property name="libs.jpa2-persistence.classpath" value="/Applications/tmcbeans.app/Contents/Resources/tmcbeans/java/modules/ext/hibernate4/hibernate-jpa-2.1-api-1.0.0.Final.jar" />
    <property name="sun.os.patch.level" value="unknown" />
    <property name="do.archive+manifest.available" value="true" />
    <property name="java.vm.specification.name" value="Java Virtual Machine Specification" />
    <property name="netbeans.autoupdate.variant" value="" />
    <property name="have.tests" value="true" />
    <property name="org.xml.sax.driver" value="com.sun.org.apache.xerces.internal.jaxp.SAXParserImpl$JAXPSAXParser" />
    <property name="libs.hamcrest.classpath" value="/Applications/tmcbeans.app/Contents/Resources/tmcbeans/platform/modules/ext/hamcrest-core-1.3.jar" />
    <property name="libs.javac-api.javadoc" value="" />
    <property name="os.name" value="Mac OS X" />
    <property name="libs.beans-binding.classpath" value="/Applications/tmcbeans.app/Contents/Resources/tmcbeans/java/modules/ext/beansbinding-1.2.1.jar" />
    <property name="ap.proc.none.internal" value="" />
    <property name="libs.JWSAntTasks.maven-pom" value="" />
    <property name="libs.testng.src" value="" />
    <property name="java.vendor.url.bug" value="http://bugreport.sun.com/bugreport/" />
    <property name="libs.jaxb.maven-pom" value="" />
    <property name="os.arch" value="x86_64" />
    <property name="libs.eclipselink.src" value="" />
    <property name="user.name" value="jaakkovilenius" />
    <property name="copylibs.rebase" value="true" />
    <property name="libs.swing-layout.maven-pom" value="" />
    <property name="sun.java.command" value="org.apache.tools.ant.taskdefs.optional.junit.JUnitTestRunner MaksukorttiTest skipNonTests=false filtertrace=true haltOnError=false haltOnFailure=false showoutput=true outputtoformatters=true logfailedtests=true threadid=0 logtestlistenerevents=true formatter=org.apache.tools.ant.taskdefs.optional.junit.BriefJUnitResultFormatter formatter=org.apache.tools.ant.taskdefs.optional.junit.XMLJUnitResultFormatter,/Users/jaakkovilenius/Desktop/Opinnot/NetBeansProjects/otm-harjoitustyo/laskarit/viikko2/Maksukortti/build/test/results/TEST-MaksukorttiTest.xml crashfile=/Users/jaakkovilenius/Desktop/Opinnot/NetBeansProjects/otm-harjoitustyo/laskarit/viikko2/Maksukortti/build/junitvmwatcher6119040479445388493.properties propsfile=/Users/jaakkovilenius/Desktop/Opinnot/NetBeansProjects/otm-harjoitustyo/laskarit/viikko2/Maksukortti/build/junit3868799519998010073.properties" />
    <property name="build.classes.dir" value="build/classes" />
    <property name="build.sysclasspath" value="ignore" />
    <property name="manifest.encoding" value="UTF-8" />
    <property name="ap.supported.internal" value="true" />
    <property name="java.failonerror" value="true" />
    <property name="libs.jaxws21.javadoc" value="/Applications/tmcbeans.app/Contents/Resources/tmcbeans/java/docs/jaxws-api-doc.zip" />
    <property name="includes" value="**" />
    <property name="user.country" value="FI" />
    <property name="manifest.file" value="manifest.mf" />
    <property name="addExports:java.desktop/sun.awt" value="ALL-UNNAMED" />
    <property name="javadoc.encoding" value="UTF-8" />
    <property name="javac.classpath" value="" />
    <property name="libs.JAVADB_DRIVER_LABEL.src" value="" />
    <property name="libs.spring-framework400.classpath" value="/Applications/tmcbeans.app/Contents/Resources/tmcbeans/ide/modules/org-apache-commons-logging.jar:/Applications/tmcbeans.app/Contents/Resources/tmcbeans/java/modules/ext/cglib-2.2.jar:/Applications/tmcbeans.app/Contents/Resources/tmcbeans/java/modules/ext/spring-4/spring-aop-4.0.1.RELEASE.jar:/Applications/tmcbeans.app/Contents/Resources/tmcbeans/java/modules/ext/spring-4/spring-aspects-4.0.1.RELEASE.jar:/Applications/tmcbeans.app/Contents/Resources/tmcbeans/java/modules/ext/spring-4/spring-beans-4.0.1.RELEASE.jar:/Applications/tmcbeans.app/Contents/Resources/tmcbeans/java/modules/ext/spring-4/spring-build-src-4.0.1.RELEASE.jar:/Applications/tmcbeans.app/Contents/Resources/tmcbeans/java/modules/ext/spring-4/spring-context-4.0.1.RELEASE.jar:/Applications/tmcbeans.app/Contents/Resources/tmcbeans/java/modules/ext/spring-4/spring-context-support-4.0.1.RELEASE.jar:/Applications/tmcbeans.app/Contents/Resources/tmcbeans/java/modules/ext/spring-4/spring-core-4.0.1.RELEASE.jar:/Applications/tmcbeans.app/Contents/Resources/tmcbeans/java/modules/ext/spring-4/spring-expression-4.0.1.RELEASE.jar:/Applications/tmcbeans.app/Contents/Resources/tmcbeans/java/modules/ext/spring-4/spring-framework-bom-4.0.1.RELEASE.jar:/Applications/tmcbeans.app/Contents/Resources/tmcbeans/java/modules/ext/spring-4/spring-instrument-4.0.1.RELEASE.jar:/Applications/tmcbeans.app/Contents/Resources/tmcbeans/java/modules/ext/spring-4/spring-instrument-tomcat-4.0.1.RELEASE.jar:/Applications/tmcbeans.app/Contents/Resources/tmcbeans/java/modules/ext/spring-4/spring-jdbc-4.0.1.RELEASE.jar:/Applications/tmcbeans.app/Contents/Resources/tmcbeans/java/modules/ext/spring-4/spring-jms-4.0.1.RELEASE.jar:/Applications/tmcbeans.app/Contents/Resources/tmcbeans/java/modules/ext/spring-4/spring-messaging-4.0.1.RELEASE.jar:/Applications/tmcbeans.app/Contents/Resources/tmcbeans/java/modules/ext/spring-4/spring-orm-4.0.1.RELEASE.jar:/Applications/tmcbeans.app/Contents/Resources/tmcbeans/java/modules/ext/spring-4/spring-oxm-4.0.1.RELEASE.jar:/Applications/tmcbeans.app/Contents/Resources/tmcbeans/java/modules/ext/spring-4/spring-test-4.0.1.RELEASE.jar:/Applications/tmcbeans.app/Contents/Resources/tmcbeans/java/modules/ext/spring-4/spring-tx-4.0.1.RELEASE.jar:/Applications/tmcbeans.app/Contents/Resources/tmcbeans/java/modules/ext/spring-4/spring-web-4.0.1.RELEASE.jar:/Applications/tmcbeans.app/Contents/Resources/tmcbeans/java/modules/ext/spring-4/spring-webmvc-4.0.1.RELEASE.jar:/Applications/tmcbeans.app/Contents/Resources/tmcbeans/java/modules/ext/spring-4/spring-webmvc-portlet-4.0.1.RELEASE.jar:/Applications/tmcbeans.app/Contents/Resources/tmcbeans/java/modules/ext/spring-4/spring-websocket-4.0.1.RELEASE.jar" />
    <property name="debug-transport" value="dt_socket" />
    <property name="netbeans.home" value="/Applications/tmcbeans.app/Contents/Resources/tmcbeans/platform" />
    <property name="build.compiler.emacs" value="true" />
    <property name="java.endorsed.dirs" value="/Library/Java/JavaVirtualMachines/jdk1.8.0_144.jdk/Contents/Home/jre/lib/endorsed" />
    <property name="user.language.format" value="en" />
    <property name="addExports:java.desktop/com.apple.eawt" value="ALL-UNNAMED" />
    <property name="netbeans.dynamic.classpath" value="/Applications/tmcbeans.app/Contents/Resources/tmcbeans/platform/core/org-netbeans-libs-asm.jar:/Applications/tmcbeans.app/Contents/Resources/tmcbeans/platform/core/org-openide-filesystems-compat8.jar:/Applications/tmcbeans.app/Contents/Resources/tmcbeans/platform/core/asm-all-5.0.1.jar:/Applications/tmcbeans.app/Contents/Resources/tmcbeans/platform/core/org-openide-filesystems.jar:/Applications/tmcbeans.app/Contents/Resources/tmcbeans/platform/core/core.jar:/Applications/tmcbeans.app/Contents/Resources/tmcbeans/platform/core/core-base.jar:/Applications/tmcbeans.app/Contents/Resources/tmcbeans/platform/core/locale/core_pt_BR.jar:/Applications/tmcbeans.app/Contents/Resources/tmcbeans/platform/core/locale/org-netbeans-libs-asm_pt_BR.jar:/Applications/tmcbeans.app/Contents/Resources/tmcbeans/platform/core/locale/core-base_zh_CN.jar:/Applications/tmcbeans.app/Contents/Resources/tmcbeans/platform/core/locale/core-base_ru.jar:/Applications/tmcbeans.app/Contents/Resources/tmcbeans/platform/core/locale/core_ru.jar:/Applications/tmcbeans.app/Contents/Resources/tmcbeans/platform/core/locale/core_ja.jar:/Applications/tmcbeans.app/Contents/Resources/tmcbeans/platform/core/locale/org-openide-filesystems-compat8_zh_CN.jar:/Applications/tmcbeans.app/Contents/Resources/tmcbeans/platform/core/locale/org-openide-filesystems_pt_BR.jar:/Applications/tmcbeans.app/Contents/Resources/tmcbeans/platform/core/locale/core-base_ja.jar:/Applications/tmcbeans.app/Contents/Resources/tmcbeans/platform/core/locale/org-openide-filesystems_ja.jar:/Applications/tmcbeans.app/Contents/Resources/tmcbeans/platform/core/locale/org-openide-filesystems-compat8_ru.jar:/Applications/tmcbeans.app/Contents/Resources/tmcbeans/platform/core/locale/org-openide-filesystems-compat8_ja.jar:/Applications/tmcbeans.app/Contents/Resources/tmcbeans/platform/core/locale/org-openide-filesystems_ru.jar:/Applications/tmcbeans.app/Contents/Resources/tmcbeans/platform/core/locale/org-openide-filesystems-compat8_pt_BR.jar:/Applications/tmcbeans.app/Contents/Resources/tmcbeans/platform/core/locale/org-openide-filesystems_zh_CN.jar:/Applications/tmcbeans.app/Contents/Resources/tmcbeans/platform/core/locale/core_zh_CN.jar:/Applications/tmcbeans.app/Contents/Resources/tmcbeans/platform/core/locale/org-netbeans-libs-asm_ru.jar:/Applications/tmcbeans.app/Contents/Resources/tmcbeans/platform/core/locale/org-netbeans-libs-asm_ja.jar:/Applications/tmcbeans.app/Contents/Resources/tmcbeans/platform/core/locale/core-base_pt_BR.jar:/Applications/tmcbeans.app/Contents/Resources/tmcbeans/platform/core/locale/org-netbeans-libs-asm_zh_CN.jar:/Applications/tmcbeans.app/Contents/Resources/tmcbeans/tmcbeans/core/locale/core_tmcbeans.jar:/Applications/tmcbeans.app/Contents/Resources/tmcbeans/nb/core/org-netbeans-upgrader.jar:/Applications/tmcbeans.app/Contents/Resources/tmcbeans/nb/core/locale/org-netbeans-upgrader_ja.jar:/Applications/tmcbeans.app/Contents/Resources/tmcbeans/nb/core/locale/org-netbeans-upgrader_ru.jar:/Applications/tmcbeans.app/Contents/Resources/tmcbeans/nb/core/locale/org-netbeans-upgrader_pt_BR.jar:/Applications/tmcbeans.app/Contents/Resources/tmcbeans/nb/core/locale/org-netbeans-upgrader_zh_CN.jar" />
    <property name="java.vm.specification.version" value="1.8" />
    <property name="libs.hibernate4-support.src" value="" />
    <property name="netbeans.productversion" value="Netbeans with TMC 201609300101" />
    <property name="libs.jaxws21.src" value="" />
    <property name="do.archive" value="true" />
    <property name="netbeans.autoupdate.language" value="fi" />
    <property name="java.vendor" value="Oracle Corporation" />
    <property name="sun.font.fontmanager" value="sun.font.CFontManager" />
    <property name="jar.index.metainf" value="false" />
    <property name="javac.debug" value="true" />
    <property name="javadoc.splitindex" value="true" />
    <property name="file.separator" value="/" />
    <property name="libs.junit_4.maven-pom" value="" />
    <property name="mkdist.disabled" value="false" />
    <property name="javac.test.processorpath" value=":build/classes:/Applications/tmcbeans.app/Contents/Resources/tmcbeans/platform/modules/ext/junit-4.12.jar:/Applications/tmcbeans.app/Contents/Resources/tmcbeans/platform/modules/ext/hamcrest-core-1.3.jar" />
    <property name="netbeans.buildnumber" value="1.1.12" />
    <property name="libs.JWSAntTasks.javadoc" value="" />
    <property name="build.generated.sources.dir" value="build/generated-sources" />
    <property name="libs.eclipselinkmodelgen.classpath" value="/Applications/tmcbeans.app/Contents/Resources/tmcbeans/java/modules/ext/eclipselink/org.eclipse.persistence.jpa.modelgen_2.5.2.v20140319-9ad6abd.jar" />
    <property name="sun.java.launcher" value="SUN_STANDARD" />
    <property name="libs.hibernate4-persistencemodelgen.javadoc" value="" />
    <property name="libs.jaxb.javadoc" value="/Applications/tmcbeans.app/Contents/Resources/tmcbeans/ide/docs/jaxb-api-doc.zip" />
    <property name="ant.home" value="/Applications/tmcbeans.app/Contents/Resources/tmcbeans/extide/ant" />
    <property name="libs.junit_4.src" value="/Applications/tmcbeans.app/Contents/Resources/tmcbeans/platform/docs/junit-4.12-sources.jar" />
    <property name="ant.file.Maksukortti" value="/Users/jaakkovilenius/Desktop/Opinnot/NetBeansProjects/otm-harjoitustyo/laskarit/viikko2/Maksukortti/build.xml" />
    <property name="libs.testng.classpath" value="/Applications/tmcbeans.app/Contents/Resources/tmcbeans/platform/modules/ext/testng-6.8.1-dist.jar" />
    <property name="libs.absolutelayout.maven-pom" value="" />
    <property name="ant.java.version" value="1.8" />
    <property name="java.library.path" value="/Users/jaakkovilenius/Library/Java/Extensions:/Library/Java/Extensions:/Network/Library/Java/Extensions:/System/Library/Java/Extensions:/usr/lib/java:." />
    <property name="javadoc.author" value="false" />
    <property name="ant.file.type.Maksukortti-impl" value="file" />
    <property name="java.util.logging.config.class" value="org.netbeans.core.startup.TopLogging" />
    <property name="libs.spring-framework400.src" value="" />
    <property name="libs.PostgreSQLDriver.src" value="" />
    <property name="sun.arch.data.model" value="64" />
    <property name="basedir" value="/Users/jaakkovilenius/Desktop/Opinnot/NetBeansProjects/otm-harjoitustyo/laskarit/viikko2/Maksukortti" />
    <property name="libs.jpa20-persistence.maven-pom" value="" />
    <property name="jar.compress" value="false" />
    <property name="path.separator" value=":" />
    <property name="ant.junit.enabletestlistenerevents" value="true" />
    <property name="sun.io.unicode.encoding" value="UnicodeBig" />
    <property name="libs.jaxws21.classpath" value="/Applications/tmcbeans.app/Contents/Resources/tmcbeans/ide/modules/ext/jaxb/jaxb-impl.jar:/Applications/tmcbeans.app/Contents/Resources/tmcbeans/ide/modules/ext/jaxb/jaxb-xjc.jar:/Applications/tmcbeans.app/Contents/Resources/tmcbeans/java/modules/ext/jaxws22/FastInfoset.jar:/Applications/tmcbeans.app/Contents/Resources/tmcbeans/java/modules/ext/jaxws22/gmbal-api-only.jar:/Applications/tmcbeans.app/Contents/Resources/tmcbeans/java/modules/ext/jaxws22/ha-api.jar:/Applications/tmcbeans.app/Contents/Resources/tmcbeans/java/modules/ext/jaxws22/javax.mail_1.4.jar:/Applications/tmcbeans.app/Contents/Resources/tmcbeans/java/modules/ext/jaxws22/jaxws-rt.jar:/Applications/tmcbeans.app/Contents/Resources/tmcbeans/java/modules/ext/jaxws22/jaxws-tools.jar:/Applications/tmcbeans.app/Contents/Resources/tmcbeans/java/modules/ext/jaxws22/management-api.jar:/Applications/tmcbeans.app/Contents/Resources/tmcbeans/java/modules/ext/jaxws22/mimepull.jar:/Applications/tmcbeans.app/Contents/Resources/tmcbeans/java/modules/ext/jaxws22/policy.jar:/Applications/tmcbeans.app/Contents/Resources/tmcbeans/java/modules/ext/jaxws22/saaj-impl.jar:/Applications/tmcbeans.app/Contents/Resources/tmcbeans/java/modules/ext/jaxws22/stax-ex.jar:/Applications/tmcbeans.app/Contents/Resources/tmcbeans/java/modules/ext/jaxws22/stax2-api.jar:/Applications/tmcbeans.app/Contents/Resources/tmcbeans/java/modules/ext/jaxws22/streambuffer.jar:/Applications/tmcbeans.app/Contents/Resources/tmcbeans/java/modules/ext/jaxws22/woodstox-core-asl.jar:/Applications/tmcbeans.app/Contents/Resources/tmcbeans/java/modules/ext/jaxws22/api/jaxws-api.jar:/Applications/tmcbeans.app/Contents/Resources/tmcbeans/java/modules/ext/jaxws22/api/jsr181-api.jar:/Applications/tmcbeans.app/Contents/Resources/tmcbeans/java/modules/ext/jaxws22/api/javax.annotation.jar:/Applications/tmcbeans.app/Contents/Resources/tmcbeans/java/modules/ext/jaxws22/api/saaj-api.jar:/Applications/tmcbeans.app/Contents/Resources/tmcbeans/ide/modules/ext/jaxb/activation.jar:/Applications/tmcbeans.app/Contents/Resources/tmcbeans/ide/modules/ext/jaxb/api/jaxb-api.jar:/Applications/tmcbeans.app/Contents/Resources/tmcbeans/ide/modules/ext/jaxb/api/jsr173_1.0_api.jar" />
    <property name="compile.on.save" value="true" />
    <property name="apple.awt.graphics.UseQuartz" value="true" />
    <property name="addExports:java.desktop/sun.awt.im" value="ALL-UNNAMED" />
    <property name="user.language" value="fi" />
    <property name="testng.mode" value="testng" />
    <property name="libs.JAXB-ENDORSED.maven-pom" value="" />
    <property name="libs.eclipselink.maven-pom" value="" />
    <property name="test.binaryincludes" value="&lt;nothing&gt;" />
    <property name="manifest.available" value="true" />
    <property name="libs.spring-framework300.maven-pom" value="" />
    <property name="run.test.classpath" value=":build/classes:/Applications/tmcbeans.app/Contents/Resources/tmcbeans/platform/modules/ext/junit-4.12.jar:/Applications/tmcbeans.app/Contents/Resources/tmcbeans/platform/modules/ext/hamcrest-core-1.3.jar:build/test/classes" />
    <property name="ant.project.invoked-targets" value="test" />
    <property name="test.binaryexcludes" value="" />
    <property name="libs.swing-layout.javadoc" value="/Applications/tmcbeans.app/Contents/Resources/tmcbeans/platform/docs/swing-layout-1.0.4-doc.zip" />
    <property name="libs.hibernate4-persistence.maven-pom" value="" />
    <property name="addExports:java.base/jdk.internal.jrtfs" value="ALL-UNNAMED" />
    <property name="gopherProxySet" value="false" />
    <property name="libs.PostgreSQLDriver.maven-pom" value="" />
    <property name="java.class.version" value="52.0" />
    <property name="libs.JAVADB_DRIVER_LABEL.classpath" value="/Library/Java/JavaVirtualMachines/jdk1.8.0_144.jdk/Contents/Home/db/lib/derby.jar:/Library/Java/JavaVirtualMachines/jdk1.8.0_144.jdk/Contents/Home/db/lib/derbyclient.jar:/Library/Java/JavaVirtualMachines/jdk1.8.0_144.jdk/Contents/Home/db/lib/derbynet.jar" />
    <property name="libs.hibernate4-persistencemodelgen.maven-pom" value="" />
    <property name="libs.eclipselink.javadoc" value="/Applications/tmcbeans.app/Contents/Resources/tmcbeans/java/modules/ext/docs/javax.persistence-2.1.0-doc.zip" />
    <property name="user.properties.file" value="/Users/jaakkovilenius/Library/Application Support/tmcbeans/8.2.0/build.properties" />
    <property name="runtime.encoding" value="UTF-8" />
    <property name="libs.javac-api.maven-pom" value="" />
    <property name="file.encoding.pkg" value="sun.io" />
    <property name="sun.cpu.endian" value="little" />
    <property name="libs.JAXB-ENDORSED.javadoc" value="" />
    <property name="libs.JWSAntTasks.classpath" value="/Applications/tmcbeans.app/Contents/Resources/tmcbeans/java/ant/extra/org-netbeans-modules-javawebstart-anttasks.jar" />
    <property name="libs.spring-framework300.src" value="" />
    <property name="empty.dir" value="/Users/jaakkovilenius/Desktop/Opinnot/NetBeansProjects/otm-harjoitustyo/laskarit/viikko2/Maksukortti/build/empty" />
    <property name="version-output" value="java version &quot;1.8" />
    <property name="test.binarytestincludes" value="" />
    <property name="libs.hibernate4-persistencemodelgen.src" value="" />
    <property name="javadoc.preview" value="true" />
    <property name="libs.jpa20-persistence.javadoc" value="/Applications/tmcbeans.app/Contents/Resources/tmcbeans/java/modules/ext/docs/javax.persistence-2.1.0-doc.zip" />
    <property name="java.home" value="/Library/Java/JavaVirtualMachines/jdk1.8.0_144.jdk/Contents/Home/jre" />
    <property name="debug.test.classpath" value=":build/classes:/Applications/tmcbeans.app/Contents/Resources/tmcbeans/platform/modules/ext/junit-4.12.jar:/Applications/tmcbeans.app/Contents/Resources/tmcbeans/platform/modules/ext/hamcrest-core-1.3.jar:build/test/classes" />
    <property name="ant.project.default-target" value="default" />
    <property name="annotation.processing.run.all.processors" value="true" />
    <property name="libs.PostgreSQLDriver.javadoc" value="" />
    <property name="libs.MySQLDriver.maven-pom" value="" />
    <property name="libs.hibernate4-persistence.javadoc" value="/Applications/tmcbeans.app/Contents/Resources/tmcbeans/java/modules/ext/docs/javax.persistence-2.1.0-doc.zip" />
    <property name="libs.junit_4.javadoc" value="/Applications/tmcbeans.app/Contents/Resources/tmcbeans/platform/docs/junit-4.12-javadoc.jar" />
    <property name="run.classpath" value=":build/classes" />
    <property name="jna.boot.library.name" value="jnidispatch-422" />
    <property name="sun.awt.datatransfer.timeout" value="1000" />
    <property name="libs.jpa2-persistence.maven-pom" value="" />
    <property name="annotation.processing.enabled.in.editor" value="false" />
    <property name="libs.hibernate4-support.classpath" value="/Applications/tmcbeans.app/Contents/Resources/tmcbeans/java/modules/ext/hibernate4/antlr-2.7.7.jar:/Applications/tmcbeans.app/Contents/Resources/tmcbeans/java/modules/ext/hibernate4/c3p0-0.9.2.1.jar:/Applications/tmcbeans.app/Contents/Resources/tmcbeans/java/modules/ext/hibernate4/hibernate-c3p0-4.3.1.Final.jar:/Applications/tmcbeans.app/Contents/Resources/tmcbeans/java/modules/ext/hibernate4/mchange-commons-java-0.2.3.4.jar:/Applications/tmcbeans.app/Contents/Resources/tmcbeans/java/modules/ext/hibernate4/dom4j-1.6.1.jar:/Applications/tmcbeans.app/Contents/Resources/tmcbeans/java/modules/ext/hibernate4/ehcache-core-2.4.3.jar:/Applications/tmcbeans.app/Contents/Resources/tmcbeans/java/modules/ext/hibernate4/hibernate-ehcache-4.3.1.Final.jar:/Applications/tmcbeans.app/Contents/Resources/tmcbeans/java/modules/ext/hibernate4/hibernate-core-4.3.1.Final.jar:/Applications/tmcbeans.app/Contents/Resources/tmcbeans/java/modules/ext/hibernate4/jboss-logging-3.1.3.GA.jar:/Applications/tmcbeans.app/Contents/Resources/tmcbeans/java/modules/ext/hibernate4/hibernate-commons-annotations-4.0.4.Final.jar:/Applications/tmcbeans.app/Contents/Resources/tmcbeans/java/modules/ext/hibernate4/hibernate-entitymanager-4.3.1.Final.jar:/Applications/tmcbeans.app/Contents/Resources/tmcbeans/java/modules/ext/hibernate4/javassist-3.18.1-GA.jar:/Applications/tmcbeans.app/Contents/Resources/tmcbeans/java/modules/ext/hibernate4/jboss-transaction-api_1.2_spec-1.0.0.Final.jar:/Applications/tmcbeans.app/Contents/Resources/tmcbeans/java/modules/ext/hibernate4/slf4j-api-1.6.1.jar:/Applications/tmcbeans.app/Contents/Resources/tmcbeans/java/modules/ext/hibernate4/slf4j-simple-1.6.1.jar" />
    <property name="ant.file.Maksukortti-impl" value="/Users/jaakkovilenius/Desktop/Opinnot/NetBeansProjects/otm-harjoitustyo/laskarit/viikko2/Maksukortti/nbproject/build-impl.xml" />
    <property name="nb.native.filechooser" value="false" />
    <property name="sun.management.compiler" value="HotSpot 64-Bit Tiered Compilers" />
    <property name="javac.deprecation" value="false" />
    <property name="javadoc.use" value="true" />
    <property name="sun.java2d.noddraw" value="true" />
    <property name="javac.processorpath" value="" />
    <property name="libs.hamcrest.maven-pom" value="" />
    <property name="javac.compilerargs" value="" />
    <property name="ant.file" value="/Users/jaakkovilenius/Desktop/Opinnot/NetBeansProjects/otm-harjoitustyo/laskarit/viikko2/Maksukortti/build.xml" />
    <property name="libs.beans-binding.maven-pom" value="" />
    <property name="libs.hibernate4-support.javadoc" value="/Applications/tmcbeans.app/Contents/Resources/tmcbeans/java/modules/ext/docs/javax.persistence-2.1.0-doc.zip" />
    <property name="libs.beans-binding.src" value="" />
    <property name="java.vm.specification.vendor" value="Oracle Corporation" />
    <property name="libs.swing-layout.src" value="/Applications/tmcbeans.app/Contents/Resources/tmcbeans/platform/docs/swing-layout-1.0.4-src.zip" />
    <property name="org.openide.major.version" value="IDE/1" />
    <property name="java.vm.name" value="Java HotSpot(TM) 64-Bit Server VM" />
    <property name="netbeans.user" value="/Users/jaakkovilenius/Library/Application Support/tmcbeans/8.2.0" />
    <property name="javadoc.additionalparam" value="" />
    <property name="java.io.tmpdir" value="/var/folders/q9/flh_qp014l1fyqkn4ddgg3nr0000gn/T/" />
    <property name="java.vendor.url" value="http://java.oracle.com/" />
    <property name="endorsed.classpath.cmd.line.arg" value="" />
    <property name="jna.loaded" value="true" />
    <property name="junit.available" value="true" />
    <property name="sun.boot.library.path" value="/Library/Java/JavaVirtualMachines/jdk1.8.0_144.jdk/Contents/Home/jre/lib" />
    <property name="have.sources" value="true" />
    <property name="libs.hamcrest.javadoc" value="" />
    <property name="debug.classpath" value=":build/classes" />
    <property name="javac.external.vm" value="true" />
    <property name="javadoc.private" value="false" />
    <property name="test.src.dir" value="test" />
    <property name="ap.processors.internal" value="" />
    <property name="meta.inf.dir" value="src/META-INF" />
    <property name="javadoc.encoding.used" value="UTF-8" />
    <property name="dist.jar" value="dist/Maksukortti.jar" />
    <property name="libs.spring-framework400.maven-pom" value="" />
    <property name="java.runtime.name" value="Java(TM) SE Runtime Environment" />
    <property name="ant.project.name" value="Maksukortti" />
    <property name="netbeans.hash.code" value="unique=00cf2ee6e-5dcf-4327-8006-1762e9daefff" />
    <property name="sun.cpu.isalist" value="" />
    <property name="libs.spring-framework400.javadoc" value="" />
    <property name="libs.CopyLibs.javadoc" value="" />
    <property name="org.openide.specification.version" value="6.2" />
    <property name="user.home" value="/Users/jaakkovilenius" />
    <property name="annotation.processing.processors.list" value="" />
    <property name="debug-args-line" value="-Xdebug" />
    <property name="libs.JWSAntTasks.src" value="" />
    <property name="jar.index" value="false" />
    <property name="libs.CopyLibs.maven-pom" value="" />
    <property name="libs.spring-framework300.javadoc" value="" />
    <property name="libs.absolutelayout.javadoc" value="" />
    <property name="java.specification.name" value="Java Platform API Specification" />
    <property name="java.specification.vendor" value="Oracle Corporation" />
    <property name="libs.javac-api.classpath" value="/Applications/tmcbeans.app/Contents/Resources/tmcbeans/java/modules/ext/nb-javac-api.jar" />
    <property name="java.version" value="1.8.0_144" />
    <property name="run.jvmargs.ide" value="" />
    <property name="javadoc.version" value="false" />
    <property name="libs.MySQLDriver.javadoc" value="" />
    <property name="org.openide.version" value="deprecated" />
    <property name="platform.java" value="/Library/Java/JavaVirtualMachines/jdk1.8.0_144.jdk/Contents/Home/jre/bin/java" />
    <property name="source.encoding" value="UTF-8" />
    <property name="ap.cmd.line.internal" value="" />
    <property name="libs.eclipselinkmodelgen.maven-pom" value="" />
    <property name="libs.eclipselinkmodelgen.javadoc" value="" />
    <property name="netbeans.home+have.tests" value="true" />
    <property name="annotation.processing.processor.options" value="" />
    <property name="libs.testng.maven-pom" value="" />
    <property name="libs.jaxb.src" value="" />
    <property name="work.dir" value="/Users/jaakkovilenius/Desktop/Opinnot/NetBeansProjects/otm-harjoitustyo/laskarit/viikko2/Maksukortti" />
    <property name="libs.jaxb.classpath" value="/Applications/tmcbeans.app/Contents/Resources/tmcbeans/ide/modules/ext/jaxb/jaxb-impl.jar:/Applications/tmcbeans.app/Contents/Resources/tmcbeans/ide/modules/ext/jaxb/jaxb-xjc.jar:/Applications/tmcbeans.app/Contents/Resources/tmcbeans/ide/modules/ext/jaxb/jaxb1-impl.jar:/Applications/tmcbeans.app/Contents/Resources/tmcbeans/ide/modules/ext/jaxb/activation.jar:/Applications/tmcbeans.app/Contents/Resources/tmcbeans/ide/modules/ext/jaxb/api/jaxb-api.jar:/Applications/tmcbeans.app/Contents/Resources/tmcbeans/ide/modules/ext/jaxb/api/jsr173_1.0_api.jar" />
    <property name="do.depend" value="false" />
    <property name="dist.javadoc.dir" value="dist/javadoc" />
    <property name="libs.swing-layout.classpath" value="/Applications/tmcbeans.app/Contents/Resources/tmcbeans/platform/modules/ext/swing-layout-1.0.4.jar" />
    <property name="build.generated.dir" value="build/generated" />
    <property name="javac.source" value="1.8" />
    <property name="line.separator" value="&#xa;" />
    <property name="java.specification.version" value="1.8" />
    <property name="libs.jaxws21.maven-pom" value="" />
    <property name="java.vm.info" value="mixed mode" />
    <property name="nb.junit.batch" value="true" />
    <property name="junit.forkmode" value="perTest" />
    <property name="addExports:java.management/sun.management" value="ALL-UNNAMED" />
    <property name="sun.boot.class.path" value="/Library/Java/JavaVirtualMachines/jdk1.8.0_144.jdk/Contents/Home/jre/lib/resources.jar:/Library/Java/JavaVirtualMachines/jdk1.8.0_144.jdk/Contents/Home/jre/lib/rt.jar:/Library/Java/JavaVirtualMachines/jdk1.8.0_144.jdk/Contents/Home/jre/lib/sunrsasign.jar:/Library/Java/JavaVirtualMachines/jdk1.8.0_144.jdk/Contents/Home/jre/lib/jsse.jar:/Library/Java/JavaVirtualMachines/jdk1.8.0_144.jdk/Contents/Home/jre/lib/jce.jar:/Library/Java/JavaVirtualMachines/jdk1.8.0_144.jdk/Contents/Home/jre/lib/charsets.jar:/Library/Java/JavaVirtualMachines/jdk1.8.0_144.jdk/Contents/Home/jre/lib/jfr.jar:/Library/Java/JavaVirtualMachines/jdk1.8.0_144.jdk/Contents/Home/jre/classes" />
    <property name="javac.target" value="1.8" />
    <property name="built-jar.properties" value="/Users/jaakkovilenius/Desktop/Opinnot/NetBeansProjects/otm-harjoitustyo/laskarit/viikko2/Maksukortti/build/built-jar.properties" />
    <property name="build.test.classes.dir" value="build/test/classes" />
    <property name="ant.file.type.Maksukortti" value="file" />
    <property name="src.dir" value="src" />
    <property name="annotation.processing.enabled" value="true" />
    <property name="libs.jpa2-persistence.src" value="" />
    <property name="libs.jpa20-persistence.src" value="" />
    <property name="libs.JAVADB_DRIVER_LABEL.maven-pom" value="" />
    <property name="ignore.failing.tests" value="true" />
    <property name="dist.dir" value="dist" />
    <property name="testng.debug.mode" value="" />
    <property name="javac.fork" value="true" />
    <property name="java.awt.printerjob" value="sun.lwawt.macosx.CPrinterJob" />
    <property name="default.javac.source" value="1.8" />
    <property name="debug-transport-by-os" value="dt_socket" />
    <property name="libs.MySQLDriver.src" value="" />
    <property name="sun.jnu.encoding" value="UTF-8" />
    <property name="java.runtime.version" value="1.8.0_144-b01" />
    <property name="build.test.results.dir" value="build/test/results" />
    <property name="jna.platform.library.path" value="/usr/lib:/usr/lib" />
    <property name="default.javac.target" value="1.8" />
    <property name="libs.junit_4.classpath" value="/Applications/tmcbeans.app/Contents/Resources/tmcbeans/platform/modules/ext/junit-4.12.jar" />
    <property name="user.timezone" value="" />
    <property name="nb.junit.single" value="false" />
    <property name="libs.JAVADB_DRIVER_LABEL.javadoc" value="" />
    <property name="netbeans.dirs" value="/Applications/tmcbeans.app/Contents/Resources/tmcbeans/tmcbeans:/Applications/tmcbeans.app/Contents/Resources/tmcbeans/extide:/Applications/tmcbeans.app/Contents/Resources/tmcbeans/harness:/Applications/tmcbeans.app/Contents/Resources/tmcbeans/ide:/Applications/tmcbeans.app/Contents/Resources/tmcbeans/java:/Applications/tmcbeans.app/Contents/Resources/tmcbeans/javafx:/Applications/tmcbeans.app/Contents/Resources/tmcbeans/nb:/Applications/tmcbeans.app/Contents/Resources/tmcbeans/websvccommon:/Applications/tmcbeans.app/Contents/Resources/tmcbeans/mavenmodules:" />
    <property name="java.ext.dirs" value="/Users/jaakkovilenius/Library/Java/Extensions:/Library/Java/JavaVirtualMachines/jdk1.8.0_144.jdk/Contents/Home/jre/lib/ext:/Library/Java/Extensions:/Network/Library/Java/Extensions:/System/Library/Java/Extensions:/usr/lib/java" />
    <property name="libs.absolutelayout.classpath" value="/Applications/tmcbeans.app/Contents/Resources/tmcbeans/java/modules/ext/AbsoluteLayout.jar" />
    <property name="excludes" value="" />
    <property name="libs.jpa2-persistence.javadoc" value="/Applications/tmcbeans.app/Contents/Resources/tmcbeans/java/modules/ext/docs/javax.persistence-2.1.0-doc.zip" />
    <property name="java.class.path" value="/Users/jaakkovilenius/Desktop/Opinnot/NetBeansProjects/otm-harjoitustyo/laskarit/viikko2/Maksukortti/build/classes:/Applications/tmcbeans.app/Contents/Resources/tmcbeans/platform/modules/ext/junit-4.12.jar:/Applications/tmcbeans.app/Contents/Resources/tmcbeans/platform/modules/ext/hamcrest-core-1.3.jar:/Users/jaakkovilenius/Desktop/Opinnot/NetBeansProjects/otm-harjoitustyo/laskarit/viikko2/Maksukortti/build/test/classes:/Applications/tmcbeans.app/Contents/Resources/tmcbeans/extide/ant/lib/ant-launcher.jar:/Applications/tmcbeans.app/Contents/Resources/tmcbeans/extide/ant/lib/ant.jar:/Applications/tmcbeans.app/Contents/Resources/tmcbeans/extide/ant/lib/ant-junit.jar:/Applications/tmcbeans.app/Contents/Resources/tmcbeans/extide/ant/lib/ant-junit4.jar" />
    <property name="apple.laf.useScreenMenuBar" value="true" />
    <property name="addExports:java.desktop/java.awt.peer" value="ALL-UNNAMED" />
    <property name="addExports:java.desktop/com.sun.beans.editors" value="ALL-UNNAMED" />
    <property name="do.mkdist" value="true" />
    <property name="libs.absolutelayout.src" value="" />
    <property name="libs.jpa20-persistence.classpath" value="/Applications/tmcbeans.app/Contents/Resources/tmcbeans/java/modules/ext/eclipselink/javax.persistence_2.1.0.v201304241213.jar" />
    <property name="os.version" value="10.13.3" />
    <property name="application.args" value="" />
    <property name="sun.awt.enableExtraMouseButtons" value="true" />
    <property name="libs.hibernate4-persistence.src" value="" />
    <property name="libs.hibernate4-support.maven-pom" value="" />
    <property name="nb.internal.action.name" value="test" />
    <property name="libs.JAXB-ENDORSED.classpath" value="/Applications/tmcbeans.app/Contents/Resources/tmcbeans/ide/modules/ext/jaxb/api/jaxb-api.jar" />
    <property name="libs.eclipselink.classpath" value="/Applications/tmcbeans.app/Contents/Resources/tmcbeans/java/modules/ext/eclipselink/eclipselink.jar:/Applications/tmcbeans.app/Contents/Resources/tmcbeans/java/modules/ext/eclipselink/javax.persistence_2.1.0.v201304241213.jar:/Applications/tmcbeans.app/Contents/Resources/tmcbeans/java/modules/ext/eclipselink/org.eclipse.persistence.jpa.jpql_2.5.2.v20140319-9ad6abd.jar" />
    <property name="java.awt.graphicsenv" value="sun.awt.CGraphicsEnvironment" />
    <property name="libs.beans-binding.javadoc" value="/Applications/tmcbeans.app/Contents/Resources/tmcbeans/java/docs/beansbinding-1.2.1-doc.zip" />
    <property name="java.vm.vendor" value="Oracle Corporation" />
    <property name="libs.CopyLibs.classpath" value="/Applications/tmcbeans.app/Contents/Resources/tmcbeans/java/ant/extra/org-netbeans-modules-java-j2seproject-copylibstask.jar" />
    <property name="libs.spring-framework300.classpath" value="/Applications/tmcbeans.app/Contents/Resources/tmcbeans/ide/modules/org-apache-commons-logging.jar:/Applications/tmcbeans.app/Contents/Resources/tmcbeans/java/modules/ext/cglib-2.2.jar:/Applications/tmcbeans.app/Contents/Resources/tmcbeans/java/modules/ext/spring-3.0/spring-aop-3.2.7.RELEASE.jar:/Applications/tmcbeans.app/Contents/Resources/tmcbeans/java/modules/ext/spring-3.0/spring-aspects-3.2.7.RELEASE.jar:/Applications/tmcbeans.app/Contents/Resources/tmcbeans/java/modules/ext/spring-3.0/spring-beans-3.2.7.RELEASE.jar:/Applications/tmcbeans.app/Contents/Resources/tmcbeans/java/modules/ext/spring-3.0/spring-build-src-3.2.7.RELEASE.jar:/Applications/tmcbeans.app/Contents/Resources/tmcbeans/java/modules/ext/spring-3.0/spring-context-3.2.7.RELEASE.jar:/Applications/tmcbeans.app/Contents/Resources/tmcbeans/java/modules/ext/spring-3.0/spring-context-support-3.2.7.RELEASE.jar:/Applications/tmcbeans.app/Contents/Resources/tmcbeans/java/modules/ext/spring-3.0/spring-core-3.2.7.RELEASE.jar:/Applications/tmcbeans.app/Contents/Resources/tmcbeans/java/modules/ext/spring-3.0/spring-expression-3.2.7.RELEASE.jar:/Applications/tmcbeans.app/Contents/Resources/tmcbeans/java/modules/ext/spring-3.0/spring-framework-bom-3.2.7.RELEASE.jar:/Applications/tmcbeans.app/Contents/Resources/tmcbeans/java/modules/ext/spring-3.0/spring-instrument-3.2.7.RELEASE.jar:/Applications/tmcbeans.app/Contents/Resources/tmcbeans/java/modules/ext/spring-3.0/spring-instrument-tomcat-3.2.7.RELEASE.jar:/Applications/tmcbeans.app/Contents/Resources/tmcbeans/java/modules/ext/spring-3.0/spring-jdbc-3.2.7.RELEASE.jar:/Applications/tmcbeans.app/Contents/Resources/tmcbeans/java/modules/ext/spring-3.0/spring-jms-3.2.7.RELEASE.jar:/Applications/tmcbeans.app/Contents/Resources/tmcbeans/java/modules/ext/spring-3.0/spring-orm-3.2.7.RELEASE.jar:/Applications/tmcbeans.app/Contents/Resources/tmcbeans/java/modules/ext/spring-3.0/spring-oxm-3.2.7.RELEASE.jar:/Applications/tmcbeans.app/Contents/Resources/tmcbeans/java/modules/ext/spring-3.0/spring-struts-3.2.7.RELEASE.jar:/Applications/tmcbeans.app/Contents/Resources/tmcbeans/java/modules/ext/spring-3.0/spring-test-3.2.7.RELEASE.jar:/Applications/tmcbeans.app/Contents/Resources/tmcbeans/java/modules/ext/spring-3.0/spring-tx-3.2.7.RELEASE.jar:/Applications/tmcbeans.app/Contents/Resources/tmcbeans/java/modules/ext/spring-3.0/spring-web-3.2.7.RELEASE.jar:/Applications/tmcbeans.app/Contents/Resources/tmcbeans/java/modules/ext/spring-3.0/spring-webmvc-3.2.7.RELEASE.jar:/Applications/tmcbeans.app/Contents/Resources/tmcbeans/java/modules/ext/spring-3.0/spring-webmvc-portlet-3.2.7.RELEASE.jar" />
    <property name="libs.hamcrest.src" value="" />
    <property name="run.jvmargs" value="" />
    <property name="libs.hibernate4-persistence.classpath" value="/Applications/tmcbeans.app/Contents/Resources/tmcbeans/java/modules/ext/hibernate4/antlr-2.7.7.jar:/Applications/tmcbeans.app/Contents/Resources/tmcbeans/java/modules/ext/hibernate4/c3p0-0.9.2.1.jar:/Applications/tmcbeans.app/Contents/Resources/tmcbeans/java/modules/ext/hibernate4/hibernate-c3p0-4.3.1.Final.jar:/Applications/tmcbeans.app/Contents/Resources/tmcbeans/java/modules/ext/hibernate4/mchange-commons-java-0.2.3.4.jar:/Applications/tmcbeans.app/Contents/Resources/tmcbeans/java/modules/ext/hibernate4/dom4j-1.6.1.jar:/Applications/tmcbeans.app/Contents/Resources/tmcbeans/java/modules/ext/hibernate4/ehcache-core-2.4.3.jar:/Applications/tmcbeans.app/Contents/Resources/tmcbeans/java/modules/ext/hibernate4/hibernate-ehcache-4.3.1.Final.jar:/Applications/tmcbeans.app/Contents/Resources/tmcbeans/java/modules/ext/hibernate4/hibernate-core-4.3.1.Final.jar:/Applications/tmcbeans.app/Contents/Resources/tmcbeans/java/modules/ext/hibernate4/jboss-logging-3.1.3.GA.jar:/Applications/tmcbeans.app/Contents/Resources/tmcbeans/java/modules/ext/hibernate4/hibernate-commons-annotations-4.0.4.Final.jar:/Applications/tmcbeans.app/Contents/Resources/tmcbeans/java/modules/ext/hibernate4/hibernate-entitymanager-4.3.1.Final.jar:/Applications/tmcbeans.app/Contents/Resources/tmcbeans/java/modules/ext/hibernate4/javassist-3.18.1-GA.jar:/Applications/tmcbeans.app/Contents/Resources/tmcbeans/java/modules/ext/hibernate4/jboss-transaction-api_1.2_spec-1.0.0.Final.jar:/Applications/tmcbeans.app/Contents/Resources/tmcbeans/java/modules/ext/hibernate4/slf4j-api-1.6.1.jar:/Applications/tmcbeans.app/Contents/Resources/tmcbeans/java/modules/ext/hibernate4/slf4j-simple-1.6.1.jar:/Applications/tmcbeans.app/Contents/Resources/tmcbeans/java/modules/ext/hibernate4/hibernate-jpa-2.1-api-1.0.0.Final.jar" />
    <property name="libs.JAXB-ENDORSED.src" value="" />
    <property name="dist.archive.excludes" value="" />
    <property name="libs.testng.javadoc" value="/Applications/tmcbeans.app/Contents/Resources/tmcbeans/platform/docs/testng-6.8.1-javadoc.zip" />
    <property name="libs.PostgreSQLDriver.classpath" value="/Applications/tmcbeans.app/Contents/Resources/tmcbeans/ide/modules/ext/postgresql-9.4.1209.jar" />
    <property name="libs.hibernate4-persistencemodelgen.classpath" value="/Applications/tmcbeans.app/Contents/Resources/tmcbeans/java/modules/ext/hibernate4/hibernate-jpamodelgen-4.3.1.Final.jar" />
    <property name="annotation.processing.source.output" value="build/generated-sources/ap-source-output" />
    <property name="main.class" value="" />
    <property name="build.dir" value="build" />
    <property name="libs.CopyLibs.src" value="" />
    <property name="addExports:java.desktop/apple.laf" value="ALL-UNNAMED" />
    <property name="ant.version" value="Apache Ant(TM) version 1.9.7 compiled on April 9 2016" />
    <property name="file.encoding" value="UTF-8" />
    <property name="build.classes.excludes" value="**/*.java,**/*.form" />
    <property name="jdkBug6558476" value="false" />
    <property name="javadoc.nonavbar" value="false" />
    <property name="platform.active" value="default_platform" />
    <property name="awt.toolkit" value="sun.lwawt.macosx.LWCToolkit" />
  </properties>
  <testcase classname="MaksukorttiTest" name="konstruktoriAsettaaSaldonOikein" time="0.019" />
  <testcase classname="MaksukorttiTest" name="syoEdullisestiOnnistuuKunKortillaRahaaVainMaukkaanVerran" time="0.001" />
  <testcase classname="MaksukorttiTest" name="syoMaukkaastiEiVieSaldoaNegatiiviseksi" time="0.001" />
  <testcase classname="MaksukorttiTest" name="kortilleEiVoiLadataNegatiivistaSummaa" time="0.001" />
  <testcase classname="MaksukorttiTest" name="syoEdullisestiEiVieSaldoaNegatiiviseksi" time="0.001" />
  <testcase classname="MaksukorttiTest" name="kortinSaldoEiYlitaMaksimiarvoa" time="0.001" />
  <testcase classname="MaksukorttiTest" name="syoEdullisestiVahentaaSaldoaOikein" time="0.001" />
  <testcase classname="MaksukorttiTest" name="syoMaukkaastiVahentaaSaldoaOikein" time="0.001" />
  <testcase classname="MaksukorttiTest" name="syoEdullisestiOnnistuuKunKortillaRahaaVainEdullisenVerran" time="0.001" />
  <testcase classname="MaksukorttiTest" name="kortilleVoiLadataRahaa" time="0.001" />
  <system-out><![CDATA[]]></system-out>
  <system-err><![CDATA[]]></system-err>
</testsuite>
